<?xml version="1.0" encoding="UTF-8"?>
<!-- Generated by org.testng.reporters.JUnitReportReporter -->
<testsuite hostname="DESKTOP-6ORDNF9" failures="0" tests="3" name="testNg.practice.Priority_Param2" time="0.046" errors="0" timestamp="2023-01-06T14:27:18 IST" skipped="0">
  <testcase classname="testNg.practice.Priority_Param2" name="delete" time="0.038"/>
  <system-out/>
  <testcase classname="testNg.practice.Priority_Param2" name="update" time="0.005"/>
  <system-out/>
  <testcase classname="testNg.practice.Priority_Param2" name="create" time="0.003"/>
  <system-out/>
</testsuite> <!-- testNg.practice.Priority_Param2 -->
