<?xml version="1.0" encoding="UTF-8"?>
<!-- Generated by org.testng.reporters.JUnitReportReporter -->
<testsuite hostname="DESKTOP-6ORDNF9" failures="0" tests="4" name="testNg.practice.TestAllAnnotaions" time="0.052" errors="0" timestamp="2023-01-09T13:13:31 IST" skipped="0">
  <testcase classname="testNg.practice.TestAllAnnotaions" name="annoTest" time="0.008"/>
  <system-out/>
  <testcase classname="testNg.practice.TestAllAnnotaions" name="annoTest2" time="0.011"/>
  <system-out/>
  <testcase classname="testNg.practice.TestAllAnnotaions" name="annoTest" time="0.025"/>
  <system-out/>
  <testcase classname="testNg.practice.TestAllAnnotaions" name="annoTest" time="0.008"/>
  <system-out/>
</testsuite> <!-- testNg.practice.TestAllAnnotaions -->
