<?xml version="1.0" encoding="UTF-8"?>
<!-- Generated by org.testng.reporters.JUnitReportReporter -->
<testsuite hostname="DESKTOP-6ORDNF9" failures="0" tests="3" name="testNg.practice.DataProvider_Excel" time="0.026" errors="0" timestamp="2023-01-09T12:35:17 IST" skipped="0">
  <testcase classname="testNg.practice.DataProvider_Excel" name="dpTest" time="0.017"/>
  <system-out/>
  <testcase classname="testNg.practice.DataProvider_Excel" name="dpTest" time="0.004"/>
  <system-out/>
  <testcase classname="testNg.practice.DataProvider_Excel" name="dpTest" time="0.005"/>
  <system-out/>
</testsuite> <!-- testNg.practice.DataProvider_Excel -->
