<?xml version="1.0" encoding="UTF-8"?>
<!-- Generated by org.testng.reporters.JUnitReportReporter -->
<testsuite hostname="DESKTOP-6ORDNF9" failures="0" tests="6" name="testNg.practice.DependPriority3" time="0.044" errors="0" timestamp="2023-01-06T14:40:10 IST" skipped="0">
  <testcase classname="testNg.practice.DependPriority3" name="update" time="0.007"/>
  <system-out/>
  <testcase classname="testNg.practice.DependPriority3" name="zapak" time="0.020"/>
  <system-out/>
  <testcase classname="testNg.practice.DependPriority3" name="delete" time="0.003"/>
  <system-out/>
  <testcase classname="testNg.practice.DependPriority3" name="create" time="0.006"/>
  <system-out/>
  <testcase classname="testNg.practice.DependPriority3" name="create" time="0.003"/>
  <system-out/>
  <testcase classname="testNg.practice.DependPriority3" name="create" time="0.005"/>
  <system-out/>
</testsuite> <!-- testNg.practice.DependPriority3 -->
