<?xml version="1.0" encoding="UTF-8"?>
<!-- Generated by org.testng.reporters.JUnitReportReporter -->
<testsuite hostname="DESKTOP-6ORDNF9" failures="0" tests="3" name="testNg.practice.Priority_Param" time="0.073" errors="0" timestamp="2023-01-06T13:05:15 IST" skipped="0">
  <testcase classname="testNg.practice.Priority_Param" name="create" time="0.070"/>
  <system-out/>
  <testcase classname="testNg.practice.Priority_Param" name="delete" time="0.001"/>
  <system-out/>
  <testcase classname="testNg.practice.Priority_Param" name="update" time="0.002"/>
  <system-out/>
</testsuite> <!-- testNg.practice.Priority_Param -->
