<?xml version="1.0" encoding="UTF-8"?>
<!-- Generated by org.testng.reporters.JUnitReportReporter -->
<testsuite hostname="DESKTOP-6ORDNF9" failures="0" tests="4" name="testNg.practice.DependPriority" time="0.045" errors="0" timestamp="2023-01-06T14:33:46 IST" skipped="0">
  <testcase classname="testNg.practice.DependPriority" name="update" time="0.004"/>
  <system-out/>
  <testcase classname="testNg.practice.DependPriority" name="zapak" time="0.027"/>
  <system-out/>
  <testcase classname="testNg.practice.DependPriority" name="delete" time="0.004"/>
  <system-out/>
  <testcase classname="testNg.practice.DependPriority" name="create" time="0.010"/>
  <system-out/>
</testsuite> <!-- testNg.practice.DependPriority -->
