<?xml version="1.0" encoding="UTF-8"?>
<!-- Generated by org.testng.reporters.JUnitReportReporter -->
<testsuite hostname="DESKTOP-6ORDNF9" failures="0" tests="1" name="testNg.practice.AmazonSuggestion" time="69.115" errors="0" timestamp="2023-01-15T22:20:08 IST" skipped="0">
  <testcase classname="testNg.practice.AmazonSuggestion" name="amazon" time="69.115"/>
  <system-out/>
</testsuite> <!-- testNg.practice.AmazonSuggestion -->
